2026-03-22 13:31:19 0 [Note] Starting MariaDB 10.4.32-MariaDB source revision c4143f909528e3fab0677a28631d10389354c491 as process 19272
2026-03-22 13:31:19 0 [Note] InnoDB: Mutexes and rw_locks use Windows interlocked functions
2026-03-22 13:31:19 0 [Note] InnoDB: Uses event mutexes
2026-03-22 13:31:19 0 [Note] InnoDB: Compressed tables use zlib 1.3
2026-03-22 13:31:19 0 [Note] InnoDB: Number of pools: 1
2026-03-22 13:31:19 0 [Note] InnoDB: Using SSE2 crc32 instructions
2026-03-22 13:31:19 0 [Note] InnoDB: Initializing buffer pool, total size = 16M, instances = 1, chunk size = 16M
2026-03-22 13:31:19 0 [Note] InnoDB: Completed initialization of buffer pool
2026-03-22 13:31:19 0 [Note] InnoDB: Starting crash recovery from checkpoint LSN=300288
2026-03-22 13:31:20 0 [Note] InnoDB: 128 out of 128 rollback segments are active.
2026-03-22 13:31:20 0 [Note] InnoDB: Removed temporary tablespace data file: "ibtmp1"
2026-03-22 13:31:20 0 [Note] InnoDB: Creating shared tablespace for temporary tables
2026-03-22 13:31:20 0 [Note] InnoDB: Setting file 'D:\XAMPP\mysql\data\ibtmp1' size to 12 MB. Physically writing the file full; Please wait ...
2026-03-22 13:31:20 0 [Note] InnoDB: File 'D:\XAMPP\mysql\data\ibtmp1' size is now 12 MB.
2026-03-22 13:31:20 0 [Note] InnoDB: Waiting for purge to start
2026-03-22 13:31:20 0 [Note] InnoDB: 10.4.32 started; log sequence number 300297; transaction id 170
2026-03-22 13:31:20 0 [Note] InnoDB: Loading buffer pool(s) from D:\XAMPP\mysql\data\ib_buffer_pool
2026-03-22 13:31:20 0 [Note] Plugin 'FEEDBACK' is disabled.
2026-03-22 13:31:20 0 [Note] Server socket created on IP: '::'.
2026-03-22 13:31:20 0 [Note] InnoDB: Buffer pool(s) load completed at 260322 13:31:20
2026-03-22 13:31:20 0 [Note] Reading of all Master_info entries succeeded
2026-03-22 13:31:20 0 [Note] Added new Master_info '' to hash table
2026-03-22 13:31:20 0 [Note] D:\xampp\mysql\bin\mysqld.exe: ready for connections.
Version: '10.4.32-MariaDB'  socket: ''  port: 3306  mariadb.org binary distribution
2026-03-23  1:18:45 0 [Note] D:\xampp\mysql\bin\mysqld.exe (initiated by: unknown): Normal shutdown
2026-03-23  1:18:45 0 [Note] Event Scheduler: Purging the queue. 0 events
2026-03-23  1:18:45 0 [Note] InnoDB: FTS optimize thread exiting.
2026-03-23  1:18:45 0 [Note] InnoDB: Starting shutdown...
2026-03-23  1:18:45 0 [Note] InnoDB: Dumping buffer pool(s) to D:\XAMPP\mysql\data\ib_buffer_pool
2026-03-23  1:18:45 0 [Note] InnoDB: Instance 0, restricted to 250 pages due to innodb_buf_pool_dump_pct=25
2026-03-23  1:18:45 0 [Note] InnoDB: Buffer pool(s) dump completed at 260323  1:18:45
2026-03-23  1:18:46 0 [Note] InnoDB: Removed temporary tablespace data file: "ibtmp1"
2026-03-23  1:18:46 0 [Note] InnoDB: Shutdown completed; log sequence number 308531; transaction id 205
2026-03-23  1:18:46 0 [Note] D:\xampp\mysql\bin\mysqld.exe: Shutdown complete

2026-03-23  1:19:32 0 [Note] Starting MariaDB 10.4.32-MariaDB source revision c4143f909528e3fab0677a28631d10389354c491 as process 11508
2026-03-23  1:19:32 0 [Note] InnoDB: Mutexes and rw_locks use Windows interlocked functions
2026-03-23  1:19:32 0 [Note] InnoDB: Uses event mutexes
2026-03-23  1:19:32 0 [Note] InnoDB: Compressed tables use zlib 1.3
2026-03-23  1:19:32 0 [Note] InnoDB: Number of pools: 1
2026-03-23  1:19:32 0 [Note] InnoDB: Using SSE2 crc32 instructions
2026-03-23  1:19:32 0 [Note] InnoDB: Initializing buffer pool, total size = 16M, instances = 1, chunk size = 16M
2026-03-23  1:19:32 0 [Note] InnoDB: Completed initialization of buffer pool
2026-03-23  1:19:33 0 [Note] InnoDB: 128 out of 128 rollback segments are active.
2026-03-23  1:19:33 0 [Note] InnoDB: Creating shared tablespace for temporary tables
2026-03-23  1:19:33 0 [Note] InnoDB: Setting file 'D:\XAMPP\mysql\data\ibtmp1' size to 12 MB. Physically writing the file full; Please wait ...
2026-03-23  1:19:33 0 [Note] InnoDB: File 'D:\XAMPP\mysql\data\ibtmp1' size is now 12 MB.
2026-03-23  1:19:33 0 [Note] InnoDB: Waiting for purge to start
2026-03-23  1:19:33 0 [Note] InnoDB: 10.4.32 started; log sequence number 308531; transaction id 206
2026-03-23  1:19:33 0 [Note] InnoDB: Loading buffer pool(s) from D:\XAMPP\mysql\data\ib_buffer_pool
2026-03-23  1:19:33 0 [Note] Plugin 'FEEDBACK' is disabled.
2026-03-23  1:19:33 0 [Note] Server socket created on IP: '::'.
2026-03-23  1:19:33 0 [Note] InnoDB: Buffer pool(s) load completed at 260323  1:19:33
2026-03-23  1:19:33 0 [Note] Reading of all Master_info entries succeeded
2026-03-23  1:19:33 0 [Note] Added new Master_info '' to hash table
2026-03-23  1:19:33 0 [Note] D:\xampp\mysql\bin\mysqld.exe: ready for connections.
Version: '10.4.32-MariaDB'  socket: ''  port: 3306  mariadb.org binary distribution
