22-Mar-2026 13:21:40.281 INFO [main] org.apache.catalina.startup.VersionLoggerListener.log Server version name:   Apache Tomcat/8.5.96
22-Mar-2026 13:21:40.295 INFO [main] org.apache.catalina.startup.VersionLoggerListener.log Server built:          Nov 10 2023 14:56:59 UTC
22-Mar-2026 13:21:40.296 INFO [main] org.apache.catalina.startup.VersionLoggerListener.log Server version number: 8.5.96.0
22-Mar-2026 13:21:40.299 INFO [main] org.apache.catalina.startup.VersionLoggerListener.log OS Name:               Windows 10
22-Mar-2026 13:21:40.300 INFO [main] org.apache.catalina.startup.VersionLoggerListener.log OS Version:            10.0
22-Mar-2026 13:21:40.302 INFO [main] org.apache.catalina.startup.VersionLoggerListener.log Architecture:          amd64
22-Mar-2026 13:21:40.303 INFO [main] org.apache.catalina.startup.VersionLoggerListener.log Java Home:             C:\Program Files\Java\jdk1.8.0_192\jre
22-Mar-2026 13:21:40.303 INFO [main] org.apache.catalina.startup.VersionLoggerListener.log JVM Version:           1.8.0_192-b12
22-Mar-2026 13:21:40.304 INFO [main] org.apache.catalina.startup.VersionLoggerListener.log JVM Vendor:            Oracle Corporation
22-Mar-2026 13:21:40.304 INFO [main] org.apache.catalina.startup.VersionLoggerListener.log CATALINA_BASE:         D:\XAMPP\tomcat
22-Mar-2026 13:21:40.304 INFO [main] org.apache.catalina.startup.VersionLoggerListener.log CATALINA_HOME:         D:\XAMPP\tomcat
22-Mar-2026 13:21:40.305 INFO [main] org.apache.catalina.startup.VersionLoggerListener.log Command line argument: -Djava.util.logging.config.file=d:\XAMPP\tomcat\conf\logging.properties
22-Mar-2026 13:21:40.305 INFO [main] org.apache.catalina.startup.VersionLoggerListener.log Command line argument: -Djava.util.logging.manager=org.apache.juli.ClassLoaderLogManager
22-Mar-2026 13:21:40.305 INFO [main] org.apache.catalina.startup.VersionLoggerListener.log Command line argument: -Djdk.tls.ephemeralDHKeySize=2048
22-Mar-2026 13:21:40.305 INFO [main] org.apache.catalina.startup.VersionLoggerListener.log Command line argument: -Djava.protocol.handler.pkgs=org.apache.catalina.webresources
22-Mar-2026 13:21:40.306 INFO [main] org.apache.catalina.startup.VersionLoggerListener.log Command line argument: -Dignore.endorsed.dirs=
22-Mar-2026 13:21:40.306 INFO [main] org.apache.catalina.startup.VersionLoggerListener.log Command line argument: -Dcatalina.base=d:\XAMPP\tomcat
22-Mar-2026 13:21:40.306 INFO [main] org.apache.catalina.startup.VersionLoggerListener.log Command line argument: -Dcatalina.home=d:\XAMPP\tomcat
22-Mar-2026 13:21:40.306 INFO [main] org.apache.catalina.startup.VersionLoggerListener.log Command line argument: -Djava.io.tmpdir=d:\XAMPP\tomcat\temp
22-Mar-2026 13:21:40.306 INFO [main] org.apache.catalina.core.AprLifecycleListener.lifecycleEvent The Apache Tomcat Native library which allows using OpenSSL was not found on the java.library.path: [C:\Program Files\Java\jdk1.8.0_192\bin;C:\WINDOWS\Sun\Java\bin;C:\WINDOWS\system32;C:\WINDOWS;C:\Program Files (x86)\Common Files\Oracle\Java\java8path;C:\Program Files (x86)\Common Files\Oracle\Java\javapath;C:\Program Files (x86)\VMware\VMware Player\bin\;C:\oraclexe\app\oracle\product\11.2.0\server\bin;C:\Python313\Scripts\;C:\Python313\;C:\WINDOWS\system32;C:\WINDOWS;C:\WINDOWS\System32\Wbem;C:\WINDOWS\System32\WindowsPowerShell\v1.0\;C:\WINDOWS\System32\OpenSSH\;C:\MinGW\bin;C:\Program Files (x86)\Windows Kits\10\Windows Performance Toolkit\;C:\Program Files\Java\jdk1.8.0_192\bin;C:\Program Files\nodejs\;C:\ProgramData\chocolatey\bin;C:\Program Files\nodejs;C:\Program Files\NVIDIA Corporation\NVIDIA App\NvDLISR;C:\Program Files (x86)\NVIDIA Corporation\PhysX\Common;C:\Program Files\Microsoft SQL Server\150\Tools\Binn\;C:\Program Files\Microsoft SQL Server\Client SDK\ODBC\170\Tools\Binn\;C:\Program Files\CMake\bin;C:\Program Files\Microsoft SQL Server\170\Tools\Binn\;D:\Git\cmd;C:\Users\Asus\AppData\Local\Programs\Python\Python312\Scripts\;C:\Users\Asus\AppData\Local\Programs\Python\Python312\;C:\Users\Asus\AppData\Local\Microsoft\WindowsApps;C:\Users\Asus\AppData\Local\Programs\Microsoft VS Code\bin;C:\Program Files\JetBrains\IntelliJ IDEA 2024.3.2\bin;C:\Users\Asus\AppData\Roaming\npm;C:\Program Files\Java\jdk1.8.0_192;C:\Users\Asus\.dotnet\tools;D:\unity\Unity Hub;.]
22-Mar-2026 13:21:40.604 INFO [main] org.apache.coyote.AbstractProtocol.init Initializing ProtocolHandler ["http-nio-8081"]
22-Mar-2026 13:21:40.648 INFO [main] org.apache.catalina.startup.Catalina.load Initialization processed in 998 ms
22-Mar-2026 13:21:40.710 INFO [main] org.apache.catalina.core.StandardService.startInternal Starting service [Catalina]
22-Mar-2026 13:21:40.710 INFO [main] org.apache.catalina.core.StandardEngine.startInternal Starting Servlet engine: [Apache Tomcat/8.5.96]
22-Mar-2026 13:21:40.726 INFO [localhost-startStop-1] org.apache.catalina.startup.HostConfig.deployDirectory Deploying web application directory [D:\XAMPP\tomcat\webapps\docs]
22-Mar-2026 13:21:41.507 WARNING [localhost-startStop-1] org.apache.catalina.util.SessionIdGeneratorBase.createSecureRandom Creation of SecureRandom instance for session ID generation using [SHA1PRNG] took [373] milliseconds.
22-Mar-2026 13:21:41.534 INFO [localhost-startStop-1] org.apache.catalina.startup.HostConfig.deployDirectory Deployment of web application directory [D:\XAMPP\tomcat\webapps\docs] has finished in [808] ms
22-Mar-2026 13:21:41.535 INFO [localhost-startStop-1] org.apache.catalina.startup.HostConfig.deployDirectory Deploying web application directory [D:\XAMPP\tomcat\webapps\examples]
22-Mar-2026 13:21:42.179 INFO [localhost-startStop-1] org.apache.catalina.startup.HostConfig.deployDirectory Deployment of web application directory [D:\XAMPP\tomcat\webapps\examples] has finished in [642] ms
22-Mar-2026 13:21:42.180 INFO [localhost-startStop-1] org.apache.catalina.startup.HostConfig.deployDirectory Deploying web application directory [D:\XAMPP\tomcat\webapps\host-manager]
22-Mar-2026 13:21:42.254 INFO [localhost-startStop-1] org.apache.catalina.startup.HostConfig.deployDirectory Deployment of web application directory [D:\XAMPP\tomcat\webapps\host-manager] has finished in [74] ms
22-Mar-2026 13:21:42.255 INFO [localhost-startStop-1] org.apache.catalina.startup.HostConfig.deployDirectory Deploying web application directory [D:\XAMPP\tomcat\webapps\manager]
22-Mar-2026 13:21:42.320 INFO [localhost-startStop-1] org.apache.catalina.startup.HostConfig.deployDirectory Deployment of web application directory [D:\XAMPP\tomcat\webapps\manager] has finished in [65] ms
22-Mar-2026 13:21:42.321 INFO [localhost-startStop-1] org.apache.catalina.startup.HostConfig.deployDirectory Deploying web application directory [D:\XAMPP\tomcat\webapps\ROOT]
22-Mar-2026 13:21:42.372 INFO [localhost-startStop-1] org.apache.catalina.startup.HostConfig.deployDirectory Deployment of web application directory [D:\XAMPP\tomcat\webapps\ROOT] has finished in [51] ms
22-Mar-2026 13:21:42.381 INFO [main] org.apache.coyote.AbstractProtocol.start Starting ProtocolHandler ["http-nio-8081"]
22-Mar-2026 13:21:42.599 INFO [main] org.apache.catalina.startup.Catalina.start Server startup in 1949 ms
22-Mar-2026 13:27:12.489 INFO [main] org.apache.catalina.startup.VersionLoggerListener.log Server version name:   Apache Tomcat/8.5.96
22-Mar-2026 13:27:12.492 INFO [main] org.apache.catalina.startup.VersionLoggerListener.log Server built:          Nov 10 2023 14:56:59 UTC
22-Mar-2026 13:27:12.495 INFO [main] org.apache.catalina.startup.VersionLoggerListener.log Server version number: 8.5.96.0
22-Mar-2026 13:27:12.496 INFO [main] org.apache.catalina.startup.VersionLoggerListener.log OS Name:               Windows 10
22-Mar-2026 13:27:12.496 INFO [main] org.apache.catalina.startup.VersionLoggerListener.log OS Version:            10.0
22-Mar-2026 13:27:12.497 INFO [main] org.apache.catalina.startup.VersionLoggerListener.log Architecture:          amd64
22-Mar-2026 13:27:12.497 INFO [main] org.apache.catalina.startup.VersionLoggerListener.log Java Home:             C:\Program Files\Java\jdk1.8.0_192\jre
22-Mar-2026 13:27:12.497 INFO [main] org.apache.catalina.startup.VersionLoggerListener.log JVM Version:           1.8.0_192-b12
22-Mar-2026 13:27:12.498 INFO [main] org.apache.catalina.startup.VersionLoggerListener.log JVM Vendor:            Oracle Corporation
22-Mar-2026 13:27:12.498 INFO [main] org.apache.catalina.startup.VersionLoggerListener.log CATALINA_BASE:         D:\XAMPP\tomcat
22-Mar-2026 13:27:12.498 INFO [main] org.apache.catalina.startup.VersionLoggerListener.log CATALINA_HOME:         D:\XAMPP\tomcat
22-Mar-2026 13:27:12.498 INFO [main] org.apache.catalina.startup.VersionLoggerListener.log Command line argument: -Dcatalina.base=D:\XAMPP\tomcat
22-Mar-2026 13:27:12.498 INFO [main] org.apache.catalina.startup.VersionLoggerListener.log Command line argument: -Dcatalina.home=D:\XAMPP\tomcat
22-Mar-2026 13:27:12.498 INFO [main] org.apache.catalina.startup.VersionLoggerListener.log Command line argument: -Djava.endorsed.dirs=D:\XAMPP\tomcat\endorsed
22-Mar-2026 13:27:12.498 INFO [main] org.apache.catalina.startup.VersionLoggerListener.log Command line argument: -Djava.io.tmpdir=D:\XAMPP\tomcat\temp
22-Mar-2026 13:27:12.498 INFO [main] org.apache.catalina.startup.VersionLoggerListener.log Command line argument: -Djava.util.logging.manager=org.apache.juli.ClassLoaderLogManager
22-Mar-2026 13:27:12.498 INFO [main] org.apache.catalina.startup.VersionLoggerListener.log Command line argument: -Djava.util.logging.config.file=D:\XAMPP\tomcat\conf\logging.properties
22-Mar-2026 13:27:12.499 INFO [main] org.apache.catalina.startup.VersionLoggerListener.log Command line argument: exit
22-Mar-2026 13:27:12.499 INFO [main] org.apache.catalina.startup.VersionLoggerListener.log Command line argument: abort
22-Mar-2026 13:27:12.499 INFO [main] org.apache.catalina.startup.VersionLoggerListener.log Command line argument: -Xms128m
22-Mar-2026 13:27:12.499 INFO [main] org.apache.catalina.startup.VersionLoggerListener.log Command line argument: -Xmx256m
22-Mar-2026 13:27:12.499 INFO [main] org.apache.catalina.core.AprLifecycleListener.lifecycleEvent Loaded Apache Tomcat Native library [1.2.39] using APR version [1.7.4].
22-Mar-2026 13:27:12.499 INFO [main] org.apache.catalina.core.AprLifecycleListener.lifecycleEvent APR capabilities: IPv6 [true], sendfile [true], accept filters [false], random [true], UDS [{4}].
22-Mar-2026 13:27:12.499 INFO [main] org.apache.catalina.core.AprLifecycleListener.lifecycleEvent APR/OpenSSL configuration: useAprConnector [false], useOpenSSL [true]
22-Mar-2026 13:27:12.651 INFO [main] org.apache.catalina.core.AprLifecycleListener.initializeSSL OpenSSL successfully initialized [OpenSSL 3.0.11 19 Sep 2023]
22-Mar-2026 13:27:12.807 INFO [main] org.apache.coyote.AbstractProtocol.init Initializing ProtocolHandler ["http-nio-8081"]
22-Mar-2026 13:27:12.829 INFO [main] org.apache.catalina.startup.Catalina.load Initialization processed in 828 ms
22-Mar-2026 13:27:12.866 INFO [main] org.apache.catalina.core.StandardService.startInternal Starting service [Catalina]
22-Mar-2026 13:27:12.866 INFO [main] org.apache.catalina.core.StandardEngine.startInternal Starting Servlet engine: [Apache Tomcat/8.5.96]
22-Mar-2026 13:27:12.875 INFO [localhost-startStop-1] org.apache.catalina.startup.HostConfig.deployDirectory Deploying web application directory [D:\XAMPP\tomcat\webapps\docs]
22-Mar-2026 13:27:13.321 WARNING [localhost-startStop-1] org.apache.catalina.util.SessionIdGeneratorBase.createSecureRandom Creation of SecureRandom instance for session ID generation using [SHA1PRNG] took [231] milliseconds.
22-Mar-2026 13:27:13.337 INFO [localhost-startStop-1] org.apache.catalina.startup.HostConfig.deployDirectory Deployment of web application directory [D:\XAMPP\tomcat\webapps\docs] has finished in [462] ms
22-Mar-2026 13:27:13.337 INFO [localhost-startStop-1] org.apache.catalina.startup.HostConfig.deployDirectory Deploying web application directory [D:\XAMPP\tomcat\webapps\examples]
22-Mar-2026 13:27:13.595 INFO [localhost-startStop-1] org.apache.catalina.startup.HostConfig.deployDirectory Deployment of web application directory [D:\XAMPP\tomcat\webapps\examples] has finished in [258] ms
22-Mar-2026 13:27:13.595 INFO [localhost-startStop-1] org.apache.catalina.startup.HostConfig.deployDirectory Deploying web application directory [D:\XAMPP\tomcat\webapps\host-manager]
22-Mar-2026 13:27:13.626 INFO [localhost-startStop-1] org.apache.catalina.startup.HostConfig.deployDirectory Deployment of web application directory [D:\XAMPP\tomcat\webapps\host-manager] has finished in [31] ms
22-Mar-2026 13:27:13.626 INFO [localhost-startStop-1] org.apache.catalina.startup.HostConfig.deployDirectory Deploying web application directory [D:\XAMPP\tomcat\webapps\manager]
22-Mar-2026 13:27:13.649 INFO [localhost-startStop-1] org.apache.catalina.startup.HostConfig.deployDirectory Deployment of web application directory [D:\XAMPP\tomcat\webapps\manager] has finished in [23] ms
22-Mar-2026 13:27:13.649 INFO [localhost-startStop-1] org.apache.catalina.startup.HostConfig.deployDirectory Deploying web application directory [D:\XAMPP\tomcat\webapps\ROOT]
22-Mar-2026 13:27:13.673 INFO [localhost-startStop-1] org.apache.catalina.startup.HostConfig.deployDirectory Deployment of web application directory [D:\XAMPP\tomcat\webapps\ROOT] has finished in [24] ms
22-Mar-2026 13:27:13.676 INFO [main] org.apache.coyote.AbstractProtocol.start Starting ProtocolHandler ["http-nio-8081"]
22-Mar-2026 13:27:13.734 INFO [main] org.apache.catalina.startup.Catalina.start Server startup in 904 ms
22-Mar-2026 13:28:09.412 INFO [Thread-3] org.apache.coyote.AbstractProtocol.pause Pausing ProtocolHandler ["http-nio-8081"]
22-Mar-2026 13:28:10.243 INFO [Thread-3] org.apache.catalina.core.StandardService.stopInternal Stopping service [Catalina]
22-Mar-2026 13:28:10.288 INFO [Thread-3] org.apache.coyote.AbstractProtocol.stop Stopping ProtocolHandler ["http-nio-8081"]
22-Mar-2026 13:28:10.295 INFO [Thread-3] org.apache.coyote.AbstractProtocol.destroy Destroying ProtocolHandler ["http-nio-8081"]
