
2026-03-22 13:27:11 Apache Commons Daemon procrun stderr initialized.
22-Mar-2026 13:27:12.489 INFO [main] org.apache.catalina.startup.VersionLoggerListener.log Server version name:   Apache Tomcat/8.5.96
22-Mar-2026 13:27:12.492 INFO [main] org.apache.catalina.startup.VersionLoggerListener.log Server built:          Nov 10 2023 14:56:59 UTC
22-Mar-2026 13:27:12.495 INFO [main] org.apache.catalina.startup.VersionLoggerListener.log Server version number: 8.5.96.0
22-Mar-2026 13:27:12.496 INFO [main] org.apache.catalina.startup.VersionLoggerListener.log OS Name:               Windows 10
22-Mar-2026 13:27:12.496 INFO [main] org.apache.catalina.startup.VersionLoggerListener.log OS Version:            10.0
22-Mar-2026 13:27:12.497 INFO [main] org.apache.catalina.startup.VersionLoggerListener.log Architecture:          amd64
22-Mar-2026 13:27:12.497 INFO [main] org.apache.catalina.startup.VersionLoggerListener.log Java Home:             C:\Program Files\Java\jdk1.8.0_192\jre
22-Mar-2026 13:27:12.497 INFO [main] org.apache.catalina.startup.VersionLoggerListener.log JVM Version:           1.8.0_192-b12
22-Mar-2026 13:27:12.498 INFO [main] org.apache.catalina.startup.VersionLoggerListener.log JVM Vendor:            Oracle Corporation
22-Mar-2026 13:27:12.498 INFO [main] org.apache.catalina.startup.VersionLoggerListener.log CATALINA_BASE:         D:\XAMPP\tomcat
22-Mar-2026 13:27:12.498 INFO [main] org.apache.catalina.startup.VersionLoggerListener.log CATALINA_HOME:         D:\XAMPP\tomcat
22-Mar-2026 13:27:12.498 INFO [main] org.apache.catalina.startup.VersionLoggerListener.log Command line argument: -Dcatalina.base=D:\XAMPP\tomcat
22-Mar-2026 13:27:12.498 INFO [main] org.apache.catalina.startup.VersionLoggerListener.log Command line argument: -Dcatalina.home=D:\XAMPP\tomcat
22-Mar-2026 13:27:12.498 INFO [main] org.apache.catalina.startup.VersionLoggerListener.log Command line argument: -Djava.endorsed.dirs=D:\XAMPP\tomcat\endorsed
22-Mar-2026 13:27:12.498 INFO [main] org.apache.catalina.startup.VersionLoggerListener.log Command line argument: -Djava.io.tmpdir=D:\XAMPP\tomcat\temp
22-Mar-2026 13:27:12.498 INFO [main] org.apache.catalina.startup.VersionLoggerListener.log Command line argument: -Djava.util.logging.manager=org.apache.juli.ClassLoaderLogManager
22-Mar-2026 13:27:12.498 INFO [main] org.apache.catalina.startup.VersionLoggerListener.log Command line argument: -Djava.util.logging.config.file=D:\XAMPP\tomcat\conf\logging.properties
22-Mar-2026 13:27:12.499 INFO [main] org.apache.catalina.startup.VersionLoggerListener.log Command line argument: exit
22-Mar-2026 13:27:12.499 INFO [main] org.apache.catalina.startup.VersionLoggerListener.log Command line argument: abort
22-Mar-2026 13:27:12.499 INFO [main] org.apache.catalina.startup.VersionLoggerListener.log Command line argument: -Xms128m
22-Mar-2026 13:27:12.499 INFO [main] org.apache.catalina.startup.VersionLoggerListener.log Command line argument: -Xmx256m
22-Mar-2026 13:27:12.499 INFO [main] org.apache.catalina.core.AprLifecycleListener.lifecycleEvent Loaded Apache Tomcat Native library [1.2.39] using APR version [1.7.4].
22-Mar-2026 13:27:12.499 INFO [main] org.apache.catalina.core.AprLifecycleListener.lifecycleEvent APR capabilities: IPv6 [true], sendfile [true], accept filters [false], random [true], UDS [{4}].
22-Mar-2026 13:27:12.499 INFO [main] org.apache.catalina.core.AprLifecycleListener.lifecycleEvent APR/OpenSSL configuration: useAprConnector [false], useOpenSSL [true]
22-Mar-2026 13:27:12.651 INFO [main] org.apache.catalina.core.AprLifecycleListener.initializeSSL OpenSSL successfully initialized [OpenSSL 3.0.11 19 Sep 2023]
22-Mar-2026 13:27:12.807 INFO [main] org.apache.coyote.AbstractProtocol.init Initializing ProtocolHandler ["http-nio-8081"]
22-Mar-2026 13:27:12.829 INFO [main] org.apache.catalina.startup.Catalina.load Initialization processed in 828 ms
22-Mar-2026 13:27:12.866 INFO [main] org.apache.catalina.core.StandardService.startInternal Starting service [Catalina]
22-Mar-2026 13:27:12.866 INFO [main] org.apache.catalina.core.StandardEngine.startInternal Starting Servlet engine: [Apache Tomcat/8.5.96]
22-Mar-2026 13:27:12.875 INFO [localhost-startStop-1] org.apache.catalina.startup.HostConfig.deployDirectory Deploying web application directory [D:\XAMPP\tomcat\webapps\docs]
22-Mar-2026 13:27:13.321 WARNING [localhost-startStop-1] org.apache.catalina.util.SessionIdGeneratorBase.createSecureRandom Creation of SecureRandom instance for session ID generation using [SHA1PRNG] took [231] milliseconds.
22-Mar-2026 13:27:13.337 INFO [localhost-startStop-1] org.apache.catalina.startup.HostConfig.deployDirectory Deployment of web application directory [D:\XAMPP\tomcat\webapps\docs] has finished in [462] ms
22-Mar-2026 13:27:13.337 INFO [localhost-startStop-1] org.apache.catalina.startup.HostConfig.deployDirectory Deploying web application directory [D:\XAMPP\tomcat\webapps\examples]
22-Mar-2026 13:27:13.595 INFO [localhost-startStop-1] org.apache.catalina.startup.HostConfig.deployDirectory Deployment of web application directory [D:\XAMPP\tomcat\webapps\examples] has finished in [258] ms
22-Mar-2026 13:27:13.595 INFO [localhost-startStop-1] org.apache.catalina.startup.HostConfig.deployDirectory Deploying web application directory [D:\XAMPP\tomcat\webapps\host-manager]
22-Mar-2026 13:27:13.626 INFO [localhost-startStop-1] org.apache.catalina.startup.HostConfig.deployDirectory Deployment of web application directory [D:\XAMPP\tomcat\webapps\host-manager] has finished in [31] ms
22-Mar-2026 13:27:13.626 INFO [localhost-startStop-1] org.apache.catalina.startup.HostConfig.deployDirectory Deploying web application directory [D:\XAMPP\tomcat\webapps\manager]
22-Mar-2026 13:27:13.649 INFO [localhost-startStop-1] org.apache.catalina.startup.HostConfig.deployDirectory Deployment of web application directory [D:\XAMPP\tomcat\webapps\manager] has finished in [23] ms
22-Mar-2026 13:27:13.649 INFO [localhost-startStop-1] org.apache.catalina.startup.HostConfig.deployDirectory Deploying web application directory [D:\XAMPP\tomcat\webapps\ROOT]
22-Mar-2026 13:27:13.673 INFO [localhost-startStop-1] org.apache.catalina.startup.HostConfig.deployDirectory Deployment of web application directory [D:\XAMPP\tomcat\webapps\ROOT] has finished in [24] ms
22-Mar-2026 13:27:13.676 INFO [main] org.apache.coyote.AbstractProtocol.start Starting ProtocolHandler ["http-nio-8081"]
22-Mar-2026 13:27:13.734 INFO [main] org.apache.catalina.startup.Catalina.start Server startup in 904 ms
22-Mar-2026 13:28:09.412 INFO [Thread-3] org.apache.coyote.AbstractProtocol.pause Pausing ProtocolHandler ["http-nio-8081"]
22-Mar-2026 13:28:10.243 INFO [Thread-3] org.apache.catalina.core.StandardService.stopInternal Stopping service [Catalina]
22-Mar-2026 13:28:10.288 INFO [Thread-3] org.apache.coyote.AbstractProtocol.stop Stopping ProtocolHandler ["http-nio-8081"]
22-Mar-2026 13:28:10.295 INFO [Thread-3] org.apache.coyote.AbstractProtocol.destroy Destroying ProtocolHandler ["http-nio-8081"]
